{"/Users/megistevkovska/Desktop/RIRS/RIRS-1/backend/routes/expenseRouter.js": {"path":"/Users/megistevkovska/Desktop/RIRS/RIRS-1/backend/routes/expenseRouter.js","statementMap":{"0":{"start":{"line":1,"column":16},"end":{"line":1,"column":34}},"1":{"start":{"line":2,"column":16},"end":{"line":2,"column":45}},"2":{"start":{"line":3,"column":23},"end":{"line":3,"column":61}},"3":{"start":{"line":4,"column":12},"end":{"line":4,"column":35}},"4":{"start":{"line":6,"column":19},"end":{"line":6,"column":33}},"5":{"start":{"line":8,"column":15},"end":{"line":8,"column":31}},"6":{"start":{"line":10,"column":26},"end":{"line":19,"column":1}},"7":{"start":{"line":11,"column":16},"end":{"line":11,"column":59}},"8":{"start":{"line":12,"column":2},"end":{"line":12,"column":80}},"9":{"start":{"line":12,"column":14},"end":{"line":12,"column":80}},"10":{"start":{"line":14,"column":2},"end":{"line":18,"column":5}},"11":{"start":{"line":15,"column":4},"end":{"line":15,"column":71}},"12":{"start":{"line":15,"column":13},"end":{"line":15,"column":71}},"13":{"start":{"line":16,"column":4},"end":{"line":16,"column":20}},"14":{"start":{"line":17,"column":4},"end":{"line":17,"column":11}},"15":{"start":{"line":22,"column":0},"end":{"line":29,"column":3}},"16":{"start":{"line":23,"column":2},"end":{"line":28,"column":3}},"17":{"start":{"line":24,"column":21},"end":{"line":24,"column":49}},"18":{"start":{"line":25,"column":4},"end":{"line":25,"column":23}},"19":{"start":{"line":27,"column":4},"end":{"line":27,"column":51}},"20":{"start":{"line":32,"column":0},"end":{"line":49,"column":3}},"21":{"start":{"line":33,"column":2},"end":{"line":48,"column":3}},"22":{"start":{"line":35,"column":21},"end":{"line":37,"column":24}},"23":{"start":{"line":40,"column":4},"end":{"line":42,"column":5}},"24":{"start":{"line":41,"column":6},"end":{"line":41,"column":82}},"25":{"start":{"line":44,"column":4},"end":{"line":44,"column":23}},"26":{"start":{"line":46,"column":4},"end":{"line":46,"column":33}},"27":{"start":{"line":47,"column":4},"end":{"line":47,"column":51}},"28":{"start":{"line":53,"column":0},"end":{"line":62,"column":3}},"29":{"start":{"line":54,"column":2},"end":{"line":61,"column":3}},"30":{"start":{"line":55,"column":20},"end":{"line":55,"column":53}},"31":{"start":{"line":56,"column":20},"end":{"line":56,"column":40}},"32":{"start":{"line":57,"column":4},"end":{"line":57,"column":80}},"33":{"start":{"line":57,"column":18},"end":{"line":57,"column":80}},"34":{"start":{"line":58,"column":4},"end":{"line":58,"column":22}},"35":{"start":{"line":60,"column":4},"end":{"line":60,"column":51}},"36":{"start":{"line":65,"column":0},"end":{"line":72,"column":3}},"37":{"start":{"line":66,"column":2},"end":{"line":71,"column":3}},"38":{"start":{"line":67,"column":23},"end":{"line":67,"column":68}},"39":{"start":{"line":68,"column":4},"end":{"line":68,"column":37}},"40":{"start":{"line":70,"column":4},"end":{"line":70,"column":51}},"41":{"start":{"line":75,"column":0},"end":{"line":86,"column":3}},"42":{"start":{"line":76,"column":2},"end":{"line":85,"column":3}},"43":{"start":{"line":77,"column":20},"end":{"line":77,"column":53}},"44":{"start":{"line":78,"column":27},"end":{"line":78,"column":58}},"45":{"start":{"line":79,"column":4},"end":{"line":81,"column":5}},"46":{"start":{"line":80,"column":6},"end":{"line":80,"column":66}},"47":{"start":{"line":82,"column":4},"end":{"line":82,"column":29}},"48":{"start":{"line":84,"column":4},"end":{"line":84,"column":51}},"49":{"start":{"line":89,"column":0},"end":{"line":99,"column":3}},"50":{"start":{"line":90,"column":2},"end":{"line":98,"column":3}},"51":{"start":{"line":91,"column":20},"end":{"line":91,"column":53}},"52":{"start":{"line":92,"column":27},"end":{"line":92,"column":56}},"53":{"start":{"line":93,"column":4},"end":{"line":94,"column":68}},"54":{"start":{"line":94,"column":6},"end":{"line":94,"column":68}},"55":{"start":{"line":95,"column":4},"end":{"line":95,"column":45}},"56":{"start":{"line":97,"column":4},"end":{"line":97,"column":51}},"57":{"start":{"line":101,"column":0},"end":{"line":101,"column":24}}},"fnMap":{"0":{"name":"(anonymous_0)","decl":{"start":{"line":10,"column":26},"end":{"line":10,"column":27}},"loc":{"start":{"line":10,"column":46},"end":{"line":19,"column":1}},"line":10},"1":{"name":"(anonymous_1)","decl":{"start":{"line":14,"column":32},"end":{"line":14,"column":33}},"loc":{"start":{"line":14,"column":47},"end":{"line":18,"column":3}},"line":14},"2":{"name":"(anonymous_2)","decl":{"start":{"line":22,"column":36},"end":{"line":22,"column":37}},"loc":{"start":{"line":22,"column":56},"end":{"line":29,"column":1}},"line":22},"3":{"name":"(anonymous_3)","decl":{"start":{"line":32,"column":42},"end":{"line":32,"column":43}},"loc":{"start":{"line":32,"column":62},"end":{"line":49,"column":1}},"line":32},"4":{"name":"(anonymous_4)","decl":{"start":{"line":53,"column":38},"end":{"line":53,"column":39}},"loc":{"start":{"line":53,"column":58},"end":{"line":62,"column":1}},"line":53},"5":{"name":"(anonymous_5)","decl":{"start":{"line":65,"column":36},"end":{"line":65,"column":37}},"loc":{"start":{"line":65,"column":56},"end":{"line":72,"column":1}},"line":65},"6":{"name":"(anonymous_6)","decl":{"start":{"line":75,"column":38},"end":{"line":75,"column":39}},"loc":{"start":{"line":75,"column":58},"end":{"line":86,"column":1}},"line":75},"7":{"name":"(anonymous_7)","decl":{"start":{"line":89,"column":41},"end":{"line":89,"column":42}},"loc":{"start":{"line":89,"column":61},"end":{"line":99,"column":1}},"line":89}},"branchMap":{"0":{"loc":{"start":{"line":12,"column":2},"end":{"line":12,"column":80}},"type":"if","locations":[{"start":{"line":12,"column":2},"end":{"line":12,"column":80}},{"start":{},"end":{}}],"line":12},"1":{"loc":{"start":{"line":15,"column":4},"end":{"line":15,"column":71}},"type":"if","locations":[{"start":{"line":15,"column":4},"end":{"line":15,"column":71}},{"start":{},"end":{}}],"line":15},"2":{"loc":{"start":{"line":40,"column":4},"end":{"line":42,"column":5}},"type":"if","locations":[{"start":{"line":40,"column":4},"end":{"line":42,"column":5}},{"start":{},"end":{}}],"line":40},"3":{"loc":{"start":{"line":40,"column":8},"end":{"line":40,"column":42}},"type":"binary-expr","locations":[{"start":{"line":40,"column":8},"end":{"line":40,"column":17}},{"start":{"line":40,"column":21},"end":{"line":40,"column":42}}],"line":40},"4":{"loc":{"start":{"line":57,"column":4},"end":{"line":57,"column":80}},"type":"if","locations":[{"start":{"line":57,"column":4},"end":{"line":57,"column":80}},{"start":{},"end":{}}],"line":57},"5":{"loc":{"start":{"line":79,"column":4},"end":{"line":81,"column":5}},"type":"if","locations":[{"start":{"line":79,"column":4},"end":{"line":81,"column":5}},{"start":{},"end":{}}],"line":79},"6":{"loc":{"start":{"line":93,"column":4},"end":{"line":94,"column":68}},"type":"if","locations":[{"start":{"line":93,"column":4},"end":{"line":94,"column":68}},{"start":{},"end":{}}],"line":93}},"s":{"0":1,"1":1,"2":1,"3":1,"4":1,"5":1,"6":1,"7":7,"8":7,"9":3,"10":4,"11":4,"12":3,"13":1,"14":1,"15":1,"16":0,"17":0,"18":0,"19":0,"20":1,"21":0,"22":0,"23":0,"24":0,"25":0,"26":0,"27":0,"28":1,"29":0,"30":0,"31":0,"32":0,"33":0,"34":0,"35":0,"36":1,"37":1,"38":1,"39":1,"40":0,"41":1,"42":0,"43":0,"44":0,"45":0,"46":0,"47":0,"48":0,"49":1,"50":0,"51":0,"52":0,"53":0,"54":0,"55":0,"56":0,"57":1},"f":{"0":7,"1":4,"2":0,"3":0,"4":0,"5":1,"6":0,"7":0},"b":{"0":[3,4],"1":[3,1],"2":[0,0],"3":[0,0],"4":[0,0],"5":[0,0],"6":[0,0]},"_coverageSchema":"1a1c01bbd47fc00a2c39e90264f33305004495a9","hash":"2b04747cd52ebfc71ba92d3212ab5912340e48a2"}
,"/Users/megistevkovska/Desktop/RIRS/RIRS-1/backend/routes/managerRouter.js": {"path":"/Users/megistevkovska/Desktop/RIRS/RIRS-1/backend/routes/managerRouter.js","statementMap":{"0":{"start":{"line":1,"column":16},"end":{"line":1,"column":34}},"1":{"start":{"line":2,"column":15},"end":{"line":2,"column":31}},"2":{"start":{"line":3,"column":12},"end":{"line":3,"column":35}},"3":{"start":{"line":5,"column":19},"end":{"line":5,"column":33}},"4":{"start":{"line":8,"column":20},"end":{"line":8,"column":54}},"5":{"start":{"line":9,"column":23},"end":{"line":9,"column":61}},"6":{"start":{"line":11,"column":23},"end":{"line":27,"column":3}},"7":{"start":{"line":12,"column":18},"end":{"line":12,"column":61}},"8":{"start":{"line":13,"column":4},"end":{"line":15,"column":5}},"9":{"start":{"line":14,"column":6},"end":{"line":14,"column":72}},"10":{"start":{"line":17,"column":4},"end":{"line":26,"column":7}},"11":{"start":{"line":18,"column":6},"end":{"line":20,"column":7}},"12":{"start":{"line":19,"column":8},"end":{"line":19,"column":66}},"13":{"start":{"line":21,"column":6},"end":{"line":21,"column":22}},"14":{"start":{"line":22,"column":6},"end":{"line":24,"column":7}},"15":{"start":{"line":23,"column":8},"end":{"line":23,"column":90}},"16":{"start":{"line":25,"column":6},"end":{"line":25,"column":13}},"17":{"start":{"line":32,"column":37},"end":{"line":45,"column":1}},"18":{"start":{"line":33,"column":18},"end":{"line":33,"column":34}},"19":{"start":{"line":34,"column":4},"end":{"line":34,"column":82}},"20":{"start":{"line":34,"column":16},"end":{"line":34,"column":82}},"21":{"start":{"line":36,"column":4},"end":{"line":44,"column":7}},"22":{"start":{"line":37,"column":8},"end":{"line":37,"column":75}},"23":{"start":{"line":37,"column":17},"end":{"line":37,"column":75}},"24":{"start":{"line":38,"column":8},"end":{"line":38,"column":24}},"25":{"start":{"line":39,"column":8},"end":{"line":43,"column":9}},"26":{"start":{"line":40,"column":12},"end":{"line":40,"column":94}},"27":{"start":{"line":42,"column":12},"end":{"line":42,"column":19}},"28":{"start":{"line":46,"column":0},"end":{"line":53,"column":3}},"29":{"start":{"line":47,"column":4},"end":{"line":52,"column":5}},"30":{"start":{"line":48,"column":26},"end":{"line":48,"column":72}},"31":{"start":{"line":49,"column":8},"end":{"line":49,"column":28}},"32":{"start":{"line":51,"column":8},"end":{"line":51,"column":55}},"33":{"start":{"line":55,"column":0},"end":{"line":70,"column":3}},"34":{"start":{"line":56,"column":4},"end":{"line":69,"column":5}},"35":{"start":{"line":57,"column":25},"end":{"line":57,"column":99}},"36":{"start":{"line":60,"column":8},"end":{"line":62,"column":9}},"37":{"start":{"line":61,"column":12},"end":{"line":61,"column":82}},"38":{"start":{"line":65,"column":8},"end":{"line":65,"column":39}},"39":{"start":{"line":68,"column":8},"end":{"line":68,"column":67}},"40":{"start":{"line":73,"column":0},"end":{"line":81,"column":3}},"41":{"start":{"line":74,"column":4},"end":{"line":80,"column":5}},"42":{"start":{"line":75,"column":25},"end":{"line":76,"column":53}},"43":{"start":{"line":77,"column":8},"end":{"line":77,"column":27}},"44":{"start":{"line":79,"column":8},"end":{"line":79,"column":55}},"45":{"start":{"line":83,"column":0},"end":{"line":92,"column":3}},"46":{"start":{"line":84,"column":4},"end":{"line":91,"column":5}},"47":{"start":{"line":85,"column":24},"end":{"line":87,"column":9}},"48":{"start":{"line":88,"column":8},"end":{"line":88,"column":26}},"49":{"start":{"line":90,"column":8},"end":{"line":90,"column":55}},"50":{"start":{"line":94,"column":0},"end":{"line":106,"column":3}},"51":{"start":{"line":95,"column":4},"end":{"line":105,"column":5}},"52":{"start":{"line":96,"column":24},"end":{"line":98,"column":14}},"53":{"start":{"line":99,"column":20},"end":{"line":99,"column":56}},"54":{"start":{"line":100,"column":8},"end":{"line":100,"column":47}},"55":{"start":{"line":101,"column":8},"end":{"line":101,"column":39}},"56":{"start":{"line":102,"column":8},"end":{"line":102,"column":29}},"57":{"start":{"line":104,"column":8},"end":{"line":104,"column":55}},"58":{"start":{"line":108,"column":0},"end":{"line":108,"column":24}}},"fnMap":{"0":{"name":"(anonymous_0)","decl":{"start":{"line":11,"column":23},"end":{"line":11,"column":24}},"loc":{"start":{"line":11,"column":49},"end":{"line":27,"column":3}},"line":11},"1":{"name":"(anonymous_1)","decl":{"start":{"line":17,"column":34},"end":{"line":17,"column":35}},"loc":{"start":{"line":17,"column":49},"end":{"line":26,"column":5}},"line":17},"2":{"name":"(anonymous_2)","decl":{"start":{"line":32,"column":37},"end":{"line":32,"column":38}},"loc":{"start":{"line":32,"column":63},"end":{"line":45,"column":1}},"line":32},"3":{"name":"(anonymous_3)","decl":{"start":{"line":36,"column":34},"end":{"line":36,"column":35}},"loc":{"start":{"line":36,"column":49},"end":{"line":44,"column":5}},"line":36},"4":{"name":"(anonymous_4)","decl":{"start":{"line":46,"column":32},"end":{"line":46,"column":33}},"loc":{"start":{"line":46,"column":52},"end":{"line":53,"column":1}},"line":46},"5":{"name":"(anonymous_5)","decl":{"start":{"line":55,"column":46},"end":{"line":55,"column":47}},"loc":{"start":{"line":55,"column":66},"end":{"line":70,"column":1}},"line":55},"6":{"name":"(anonymous_6)","decl":{"start":{"line":73,"column":46},"end":{"line":73,"column":47}},"loc":{"start":{"line":73,"column":66},"end":{"line":81,"column":1}},"line":73},"7":{"name":"(anonymous_7)","decl":{"start":{"line":83,"column":47},"end":{"line":83,"column":48}},"loc":{"start":{"line":83,"column":67},"end":{"line":92,"column":1}},"line":83},"8":{"name":"(anonymous_8)","decl":{"start":{"line":94,"column":72},"end":{"line":94,"column":73}},"loc":{"start":{"line":94,"column":92},"end":{"line":106,"column":1}},"line":94}},"branchMap":{"0":{"loc":{"start":{"line":13,"column":4},"end":{"line":15,"column":5}},"type":"if","locations":[{"start":{"line":13,"column":4},"end":{"line":15,"column":5}},{"start":{},"end":{}}],"line":13},"1":{"loc":{"start":{"line":18,"column":6},"end":{"line":20,"column":7}},"type":"if","locations":[{"start":{"line":18,"column":6},"end":{"line":20,"column":7}},{"start":{},"end":{}}],"line":18},"2":{"loc":{"start":{"line":22,"column":6},"end":{"line":24,"column":7}},"type":"if","locations":[{"start":{"line":22,"column":6},"end":{"line":24,"column":7}},{"start":{},"end":{}}],"line":22},"3":{"loc":{"start":{"line":34,"column":4},"end":{"line":34,"column":82}},"type":"if","locations":[{"start":{"line":34,"column":4},"end":{"line":34,"column":82}},{"start":{},"end":{}}],"line":34},"4":{"loc":{"start":{"line":37,"column":8},"end":{"line":37,"column":75}},"type":"if","locations":[{"start":{"line":37,"column":8},"end":{"line":37,"column":75}},{"start":{},"end":{}}],"line":37},"5":{"loc":{"start":{"line":39,"column":8},"end":{"line":43,"column":9}},"type":"if","locations":[{"start":{"line":39,"column":8},"end":{"line":43,"column":9}},{"start":{"line":41,"column":15},"end":{"line":43,"column":9}}],"line":39},"6":{"loc":{"start":{"line":60,"column":8},"end":{"line":62,"column":9}},"type":"if","locations":[{"start":{"line":60,"column":8},"end":{"line":62,"column":9}},{"start":{},"end":{}}],"line":60}},"s":{"0":1,"1":1,"2":1,"3":1,"4":1,"5":1,"6":1,"7":5,"8":5,"9":1,"10":4,"11":4,"12":1,"13":3,"14":3,"15":0,"16":3,"17":1,"18":0,"19":0,"20":0,"21":0,"22":0,"23":0,"24":0,"25":0,"26":0,"27":0,"28":1,"29":0,"30":0,"31":0,"32":0,"33":1,"34":3,"35":3,"36":2,"37":1,"38":1,"39":1,"40":1,"41":0,"42":0,"43":0,"44":0,"45":1,"46":0,"47":0,"48":0,"49":0,"50":1,"51":0,"52":0,"53":0,"54":0,"55":0,"56":0,"57":0,"58":1},"f":{"0":5,"1":4,"2":0,"3":0,"4":0,"5":3,"6":0,"7":0,"8":0},"b":{"0":[1,4],"1":[1,3],"2":[0,3],"3":[0,0],"4":[0,0],"5":[0,0],"6":[1,1]},"_coverageSchema":"1a1c01bbd47fc00a2c39e90264f33305004495a9","hash":"c6640b557e123c995de3a0202fa7f8b436b0c335"}
,"/Users/megistevkovska/Desktop/RIRS/RIRS-1/backend/schemas/expense.js": {"path":"/Users/megistevkovska/Desktop/RIRS/RIRS-1/backend/schemas/expense.js","statementMap":{"0":{"start":{"line":1,"column":17},"end":{"line":1,"column":36}},"1":{"start":{"line":3,"column":22},"end":{"line":10,"column":24}},"2":{"start":{"line":12,"column":0},"end":{"line":12,"column":58}}},"fnMap":{},"branchMap":{},"s":{"0":2,"1":2,"2":2},"f":{},"b":{},"_coverageSchema":"1a1c01bbd47fc00a2c39e90264f33305004495a9","hash":"dfe1fb69685c556a25743db8855880432e73617f"}
,"/Users/megistevkovska/Desktop/RIRS/RIRS-1/backend/schemas/user.js": {"path":"/Users/megistevkovska/Desktop/RIRS/RIRS-1/backend/schemas/user.js","statementMap":{"0":{"start":{"line":1,"column":17},"end":{"line":1,"column":36}},"1":{"start":{"line":3,"column":19},"end":{"line":20,"column":1}},"2":{"start":{"line":22,"column":0},"end":{"line":22,"column":52}}},"fnMap":{},"branchMap":{},"s":{"0":1,"1":1,"2":1},"f":{},"b":{},"_coverageSchema":"1a1c01bbd47fc00a2c39e90264f33305004495a9","hash":"c02134242725a781e4597c8f70dc945d0d96a014"}
,"/Users/megistevkovska/Desktop/RIRS/RIRS-1/backend/services/ExpensesService.js": {"path":"/Users/megistevkovska/Desktop/RIRS/RIRS-1/backend/services/ExpensesService.js","statementMap":{"0":{"start":{"line":1,"column":16},"end":{"line":1,"column":45}},"1":{"start":{"line":7,"column":8},"end":{"line":7,"column":22}},"2":{"start":{"line":11,"column":8},"end":{"line":11,"column":83}},"3":{"start":{"line":15,"column":8},"end":{"line":15,"column":89}},"4":{"start":{"line":19,"column":8},"end":{"line":19,"column":48}},"5":{"start":{"line":23,"column":8},"end":{"line":23,"column":90}},"6":{"start":{"line":27,"column":8},"end":{"line":27,"column":63}},"7":{"start":{"line":31,"column":23},"end":{"line":31,"column":108}},"8":{"start":{"line":32,"column":21},"end":{"line":32,"column":23}},"9":{"start":{"line":33,"column":8},"end":{"line":51,"column":9}},"10":{"start":{"line":34,"column":22},"end":{"line":34,"column":24}},"11":{"start":{"line":35,"column":12},"end":{"line":35,"column":32}},"12":{"start":{"line":36,"column":12},"end":{"line":36,"column":37}},"13":{"start":{"line":37,"column":12},"end":{"line":37,"column":40}},"14":{"start":{"line":38,"column":12},"end":{"line":38,"column":45}},"15":{"start":{"line":39,"column":12},"end":{"line":39,"column":40}},"16":{"start":{"line":40,"column":12},"end":{"line":40,"column":43}},"17":{"start":{"line":41,"column":12},"end":{"line":45,"column":13}},"18":{"start":{"line":42,"column":16},"end":{"line":42,"column":48}},"19":{"start":{"line":44,"column":16},"end":{"line":44,"column":33}},"20":{"start":{"line":46,"column":12},"end":{"line":47,"column":64}},"21":{"start":{"line":47,"column":65},"end":{"line":47,"column":71}},"22":{"start":{"line":48,"column":12},"end":{"line":49,"column":64}},"23":{"start":{"line":50,"column":12},"end":{"line":50,"column":33}},"24":{"start":{"line":52,"column":21},"end":{"line":52,"column":37}},"25":{"start":{"line":53,"column":8},"end":{"line":53,"column":38}},"26":{"start":{"line":57,"column":0},"end":{"line":57,"column":31}}},"fnMap":{"0":{"name":"(anonymous_0)","decl":{"start":{"line":6,"column":4},"end":{"line":6,"column":5}},"loc":{"start":{"line":6,"column":20},"end":{"line":8,"column":5}},"line":6},"1":{"name":"(anonymous_1)","decl":{"start":{"line":10,"column":4},"end":{"line":10,"column":5}},"loc":{"start":{"line":10,"column":42},"end":{"line":12,"column":5}},"line":10},"2":{"name":"(anonymous_2)","decl":{"start":{"line":14,"column":4},"end":{"line":14,"column":5}},"loc":{"start":{"line":14,"column":23},"end":{"line":16,"column":5}},"line":14},"3":{"name":"(anonymous_3)","decl":{"start":{"line":18,"column":4},"end":{"line":18,"column":5}},"loc":{"start":{"line":18,"column":40},"end":{"line":20,"column":5}},"line":18},"4":{"name":"(anonymous_4)","decl":{"start":{"line":22,"column":4},"end":{"line":22,"column":5}},"loc":{"start":{"line":22,"column":36},"end":{"line":24,"column":5}},"line":22},"5":{"name":"(anonymous_5)","decl":{"start":{"line":26,"column":4},"end":{"line":26,"column":5}},"loc":{"start":{"line":26,"column":26},"end":{"line":28,"column":5}},"line":26},"6":{"name":"(anonymous_6)","decl":{"start":{"line":30,"column":4},"end":{"line":30,"column":5}},"loc":{"start":{"line":30,"column":34},"end":{"line":54,"column":5}},"line":30}},"branchMap":{"0":{"loc":{"start":{"line":10,"column":29},"end":{"line":10,"column":40}},"type":"default-arg","locations":[{"start":{"line":10,"column":38},"end":{"line":10,"column":40}}],"line":10},"1":{"loc":{"start":{"line":41,"column":12},"end":{"line":45,"column":13}},"type":"if","locations":[{"start":{"line":41,"column":12},"end":{"line":45,"column":13}},{"start":{"line":43,"column":19},"end":{"line":45,"column":13}}],"line":41}},"s":{"0":2,"1":0,"2":0,"3":0,"4":0,"5":0,"6":0,"7":0,"8":0,"9":0,"10":0,"11":0,"12":0,"13":0,"14":0,"15":0,"16":0,"17":0,"18":0,"19":0,"20":0,"21":0,"22":0,"23":0,"24":0,"25":0,"26":2},"f":{"0":0,"1":0,"2":0,"3":0,"4":0,"5":0,"6":0},"b":{"0":[0],"1":[0,0]},"_coverageSchema":"1a1c01bbd47fc00a2c39e90264f33305004495a9","hash":"09722fc470e9f4abac2c13d220c542340b47b10f"}
,"/Users/megistevkovska/Desktop/RIRS/RIRS-1/backend/services/UserService.js": {"path":"/Users/megistevkovska/Desktop/RIRS/RIRS-1/backend/services/UserService.js","statementMap":{"0":{"start":{"line":1,"column":13},"end":{"line":1,"column":39}},"1":{"start":{"line":2,"column":16},"end":{"line":2,"column":45}},"2":{"start":{"line":3,"column":17},"end":{"line":3,"column":51}},"3":{"start":{"line":8,"column":8},"end":{"line":43,"column":9}},"4":{"start":{"line":9,"column":30},"end":{"line":9,"column":39}},"5":{"start":{"line":10,"column":26},"end":{"line":10,"column":70}},"6":{"start":{"line":11,"column":22},"end":{"line":11,"column":24}},"7":{"start":{"line":12,"column":12},"end":{"line":30,"column":13}},"8":{"start":{"line":13,"column":16},"end":{"line":13,"column":36}},"9":{"start":{"line":14,"column":16},"end":{"line":14,"column":36}},"10":{"start":{"line":15,"column":16},"end":{"line":15,"column":35}},"11":{"start":{"line":16,"column":16},"end":{"line":29,"column":17}},"12":{"start":{"line":31,"column":27},"end":{"line":31,"column":83}},"13":{"start":{"line":32,"column":12},"end":{"line":38,"column":13}},"14":{"start":{"line":33,"column":27},"end":{"line":33,"column":65}},"15":{"start":{"line":34,"column":16},"end":{"line":34,"column":43}},"16":{"start":{"line":35,"column":16},"end":{"line":35,"column":60}},"17":{"start":{"line":36,"column":16},"end":{"line":36,"column":50}},"18":{"start":{"line":37,"column":16},"end":{"line":37,"column":33}},"19":{"start":{"line":39,"column":12},"end":{"line":39,"column":51}},"20":{"start":{"line":41,"column":12},"end":{"line":41,"column":72}},"21":{"start":{"line":42,"column":12},"end":{"line":42,"column":20}},"22":{"start":{"line":47,"column":0},"end":{"line":47,"column":29}}},"fnMap":{"0":{"name":"(anonymous_0)","decl":{"start":{"line":7,"column":4},"end":{"line":7,"column":5}},"loc":{"start":{"line":7,"column":46},"end":{"line":44,"column":5}},"line":7}},"branchMap":{},"s":{"0":1,"1":1,"2":1,"3":0,"4":0,"5":0,"6":0,"7":0,"8":0,"9":0,"10":0,"11":0,"12":0,"13":0,"14":0,"15":0,"16":0,"17":0,"18":0,"19":0,"20":0,"21":0,"22":1},"f":{"0":0},"b":{},"_coverageSchema":"1a1c01bbd47fc00a2c39e90264f33305004495a9","hash":"5701f7329dca4664fc29797696a6efeac860281b"}
}
