TN:
SF:routes/expenseRouter.js
FN:10,(anonymous_0)
FN:14,(anonymous_1)
FN:22,(anonymous_2)
FN:32,(anonymous_3)
FN:53,(anonymous_4)
FN:65,(anonymous_5)
FN:75,(anonymous_6)
FN:89,(anonymous_7)
FNF:8
FNH:3
FNDA:7,(anonymous_0)
FNDA:4,(anonymous_1)
FNDA:0,(anonymous_2)
FNDA:0,(anonymous_3)
FNDA:0,(anonymous_4)
FNDA:1,(anonymous_5)
FNDA:0,(anonymous_6)
FNDA:0,(anonymous_7)
DA:1,1
DA:2,1
DA:3,1
DA:4,1
DA:6,1
DA:8,1
DA:10,1
DA:11,7
DA:12,7
DA:14,4
DA:15,4
DA:16,1
DA:17,1
DA:22,1
DA:23,0
DA:24,0
DA:25,0
DA:27,0
DA:32,1
DA:33,0
DA:35,0
DA:40,0
DA:41,0
DA:44,0
DA:46,0
DA:47,0
DA:53,1
DA:54,0
DA:55,0
DA:56,0
DA:57,0
DA:58,0
DA:60,0
DA:65,1
DA:66,1
DA:67,1
DA:68,1
DA:70,0
DA:75,1
DA:76,0
DA:77,0
DA:78,0
DA:79,0
DA:80,0
DA:82,0
DA:84,0
DA:89,1
DA:90,0
DA:91,0
DA:92,0
DA:93,0
DA:94,0
DA:95,0
DA:97,0
DA:101,1
LF:55
LH:23
BRDA:12,0,0,3
BRDA:12,0,1,4
BRDA:15,1,0,3
BRDA:15,1,1,1
BRDA:40,2,0,0
BRDA:40,2,1,0
BRDA:40,3,0,0
BRDA:40,3,1,0
BRDA:57,4,0,0
BRDA:57,4,1,0
BRDA:79,5,0,0
BRDA:79,5,1,0
BRDA:93,6,0,0
BRDA:93,6,1,0
BRF:14
BRH:4
end_of_record
TN:
SF:routes/managerRouter.js
FN:11,(anonymous_0)
FN:17,(anonymous_1)
FN:32,(anonymous_2)
FN:36,(anonymous_3)
FN:46,(anonymous_4)
FN:55,(anonymous_5)
FN:73,(anonymous_6)
FN:83,(anonymous_7)
FN:94,(anonymous_8)
FNF:9
FNH:3
FNDA:5,(anonymous_0)
FNDA:4,(anonymous_1)
FNDA:0,(anonymous_2)
FNDA:0,(anonymous_3)
FNDA:0,(anonymous_4)
FNDA:3,(anonymous_5)
FNDA:0,(anonymous_6)
FNDA:0,(anonymous_7)
FNDA:0,(anonymous_8)
DA:1,1
DA:2,1
DA:3,1
DA:5,1
DA:8,1
DA:9,1
DA:11,1
DA:12,5
DA:13,5
DA:14,1
DA:17,4
DA:18,4
DA:19,1
DA:21,3
DA:22,3
DA:23,0
DA:25,3
DA:32,1
DA:33,0
DA:34,0
DA:36,0
DA:37,0
DA:38,0
DA:39,0
DA:40,0
DA:42,0
DA:46,1
DA:47,0
DA:48,0
DA:49,0
DA:51,0
DA:55,1
DA:56,3
DA:57,3
DA:60,2
DA:61,1
DA:65,1
DA:68,1
DA:73,1
DA:74,0
DA:75,0
DA:77,0
DA:79,0
DA:83,1
DA:84,0
DA:85,0
DA:88,0
DA:90,0
DA:94,1
DA:95,0
DA:96,0
DA:99,0
DA:100,0
DA:101,0
DA:102,0
DA:104,0
DA:108,1
LF:57
LH:29
BRDA:13,0,0,1
BRDA:13,0,1,4
BRDA:18,1,0,1
BRDA:18,1,1,3
BRDA:22,2,0,0
BRDA:22,2,1,3
BRDA:34,3,0,0
BRDA:34,3,1,0
BRDA:37,4,0,0
BRDA:37,4,1,0
BRDA:39,5,0,0
BRDA:39,5,1,0
BRDA:60,6,0,1
BRDA:60,6,1,1
BRF:14
BRH:7
end_of_record
TN:
SF:schemas/expense.js
FNF:0
FNH:0
DA:1,2
DA:3,2
DA:12,2
LF:3
LH:3
BRF:0
BRH:0
end_of_record
TN:
SF:schemas/user.js
FNF:0
FNH:0
DA:1,1
DA:3,1
DA:22,1
LF:3
LH:3
BRF:0
BRH:0
end_of_record
TN:
SF:services/ExpensesService.js
FN:6,(anonymous_0)
FN:10,(anonymous_1)
FN:14,(anonymous_2)
FN:18,(anonymous_3)
FN:22,(anonymous_4)
FN:26,(anonymous_5)
FN:30,(anonymous_6)
FNF:7
FNH:0
FNDA:0,(anonymous_0)
FNDA:0,(anonymous_1)
FNDA:0,(anonymous_2)
FNDA:0,(anonymous_3)
FNDA:0,(anonymous_4)
FNDA:0,(anonymous_5)
FNDA:0,(anonymous_6)
DA:1,2
DA:7,0
DA:11,0
DA:15,0
DA:19,0
DA:23,0
DA:27,0
DA:31,0
DA:32,0
DA:33,0
DA:34,0
DA:35,0
DA:36,0
DA:37,0
DA:38,0
DA:39,0
DA:40,0
DA:41,0
DA:42,0
DA:44,0
DA:46,0
DA:47,0
DA:48,0
DA:50,0
DA:52,0
DA:53,0
DA:57,2
LF:27
LH:2
BRDA:10,0,0,0
BRDA:41,1,0,0
BRDA:41,1,1,0
BRF:3
BRH:0
end_of_record
TN:
SF:services/UserService.js
FN:7,(anonymous_0)
FNF:1
FNH:0
FNDA:0,(anonymous_0)
DA:1,1
DA:2,1
DA:3,1
DA:8,0
DA:9,0
DA:10,0
DA:11,0
DA:12,0
DA:13,0
DA:14,0
DA:15,0
DA:16,0
DA:31,0
DA:32,0
DA:33,0
DA:34,0
DA:35,0
DA:36,0
DA:37,0
DA:39,0
DA:41,0
DA:42,0
DA:47,1
LF:23
LH:4
BRF:0
BRH:0
end_of_record
